<?xml version="1.0" encoding="UTF-8"?>
<!-- Generated by org.testng.reporters.JUnitReportReporter -->
<testsuite hostname="Rimas-MacBook-Pro.local" failures="0" tests="3" name="com.tutorialninja.testcases.SearchTest" time="21.306" errors="0" timestamp="2025-04-15T18:30:30 PDT" skipped="0">
  <testcase classname="com.tutorialninja.testcases.SearchTest" name="searchWithExistingProduct" time="6.626"/>
  <system-out/>
  <testcase classname="com.tutorialninja.testcases.SearchTest" name="searchWithNonExistingProduct" time="6.689"/>
  <system-out/>
  <testcase classname="com.tutorialninja.testcases.SearchTest" name="selectSubCatagory" time="7.991"/>
  <system-out/>
</testsuite> <!-- com.tutorialninja.testcases.SearchTest -->
