<?xml version="1.0" encoding="UTF-8"?>
<!-- Generated by org.testng.reporters.JUnitReportReporter -->
<testsuite hostname="Animeshs-MacBook-Pro.local" failures="0" tests="6" name="com.tutorialninja.testcases.RegistrationTest" time="44.397" errors="0" timestamp="2025-03-10T13:18:20 PDT" skipped="0">
  <testcase classname="com.tutorialninja.testcases.RegistrationTest" name="verifyRegisteringAUser" time="7.270"/>
  <system-out/>
  <testcase classname="com.tutorialninja.testcases.RegistrationTest" name="verifyErrorMsgIfFirstNameFieldAreBlanks" time="6.743"/>
  <system-out/>
  <testcase classname="com.tutorialninja.testcases.RegistrationTest" name="verifyMsgEnteringTwoDifferentPasswords" time="7.187"/>
  <system-out/>
  <testcase classname="com.tutorialninja.testcases.RegistrationTest" name="verifyMsgWhenDuplicateEmailIsAdded" time="6.648"/>
  <system-out/>
  <testcase classname="com.tutorialninja.testcases.RegistrationTest" name="uncheckTheAcceptCheckboxAndSubmit" time="6.843"/>
  <system-out/>
  <testcase classname="com.tutorialninja.testcases.RegistrationTest" name="verifyErrorMsgIfAllFieldsAreBlanks" time="9.706"/>
  <system-out/>
</testsuite> <!-- com.tutorialninja.testcases.RegistrationTest -->
