<?xml version="1.0" encoding="UTF-8"?>
<!-- Generated by org.testng.reporters.JUnitReportReporter -->
<testsuite hostname="Animeshs-MacBook-Pro.local" failures="0" tests="2" name="com.tutorialninja.testcases.LoginTest" time="16.273" errors="0" timestamp="2025-03-16T15:36:34 PDT" skipped="0">
  <testcase classname="com.tutorialninja.testcases.LoginTest" name="loginWithValidCred" time="9.342"/>
  <system-out/>
  <testcase classname="com.tutorialninja.testcases.LoginTest" name="loginWithInvalidCred" time="6.931"/>
  <system-out/>
</testsuite> <!-- com.tutorialninja.testcases.LoginTest -->
