<?xml version="1.0" encoding="UTF-8"?>
<!-- Generated by org.testng.reporters.JUnitReportReporter -->
<testsuite ignored="0" hostname="Animeshs-MacBook-Pro.local" failures="0" tests="2" name="com.tutorialninja.testcases.LoginTest" time="12.515" errors="0" timestamp="07 Mar 2025 21:02:04 GMT" skipped="0">
  <testcase classname="com.tutorialninja.testcases.LoginTest" name="verifyPlaceholder" time="6.231"/>
  <testcase classname="com.tutorialninja.testcases.LoginTest" name="logoutAndBrowsingBack" time="6.284"/>
</testsuite> <!-- com.tutorialninja.testcases.LoginTest -->
