<?xml version="1.0" encoding="UTF-8"?>
<!-- Generated by org.testng.reporters.JUnitReportReporter -->
<testsuite hostname="Animeshs-MacBook-Pro.local" failures="0" tests="2" name="com.tutorialninja.testcases.LoginTest" time="13.283" errors="0" timestamp="2025-03-07T15:33:08 PST" skipped="0">
  <testcase classname="com.tutorialninja.testcases.LoginTest" name="verifyPlaceholder" time="6.918"/>
  <system-out/>
  <testcase classname="com.tutorialninja.testcases.LoginTest" name="logoutAndBrowsingBack" time="6.365"/>
  <system-out/>
</testsuite> <!-- com.tutorialninja.testcases.LoginTest -->
