<?xml version="1.0" encoding="UTF-8"?>
<!-- Generated by org.testng.reporters.JUnitReportReporter -->
<testsuite hostname="Animeshs-MacBook-Pro.local" failures="0" tests="2" name="com.tutorialninja.testcases.LoginTest" time="19.110" errors="0" timestamp="2025-03-16T15:01:58 PDT" skipped="0">
  <testcase classname="com.tutorialninja.testcases.LoginTest" name="loginWithValidCred" time="11.685"/>
  <system-out/>
  <testcase classname="com.tutorialninja.testcases.LoginTest" name="loginWithInvalidCred" time="7.425"/>
  <system-out/>
</testsuite> <!-- com.tutorialninja.testcases.LoginTest -->
