<?xml version="1.0" encoding="UTF-8"?>
<!-- Generated by org.testng.reporters.JUnitReportReporter -->
<testsuite ignored="0" hostname="Animeshs-MacBook-Pro.local" failures="0" tests="1" name="com.tutorialninja.testcases.RegistrationTest" time="11.458" errors="0" timestamp="06 Mar 2025 07:44:07 GMT" skipped="0">
  <testcase classname="com.tutorialninja.testcases.RegistrationTest" name="verifyRegisteringAUser" time="11.458"/>
</testsuite> <!-- com.tutorialninja.testcases.RegistrationTest -->
