<?xml version="1.0" encoding="UTF-8"?>
<!-- Generated by org.testng.reporters.JUnitReportReporter -->
<testsuite hostname="Animeshs-MacBook-Pro.local" failures="0" tests="2" name="com.tutorialninja.testcases.LoginTest" time="17.266" errors="0" timestamp="2025-03-17T14:55:05 PDT" skipped="0">
  <testcase classname="com.tutorialninja.testcases.LoginTest" name="loginWithValidCred" time="9.252"/>
  <system-out/>
  <testcase classname="com.tutorialninja.testcases.LoginTest" name="loginWithInvalidCred" time="8.014"/>
  <system-out/>
</testsuite> <!-- com.tutorialninja.testcases.LoginTest -->
