<?xml version="1.0" encoding="UTF-8"?>
<!-- Generated by org.testng.reporters.JUnitReportReporter -->
<testsuite ignored="0" hostname="Animeshs-MacBook-Pro.local" failures="0" tests="1" name="com.tutorialninja.testcases.Roughwork" time="21.906" errors="0" timestamp="06 Mar 2025 23:44:14 GMT" skipped="0">
  <testcase classname="com.tutorialninja.testcases.Roughwork" name="errorMsg" time="21.906"/>
</testsuite> <!-- com.tutorialninja.testcases.Roughwork -->
