<?xml version="1.0" encoding="UTF-8"?>
<!-- Generated by org.testng.reporters.JUnitReportReporter -->
<testsuite hostname="Rimas-MacBook-Pro.local" failures="0" tests="1" name="com.tutorialninja.testcases.SearchTest" time="17.338" errors="0" timestamp="2025-04-16T17:26:04 PDT" skipped="0">
  <testcase classname="com.tutorialninja.testcases.SearchTest" name="verifyProductWithSpecialChar" time="17.338"/>
  <system-out/>
</testsuite> <!-- com.tutorialninja.testcases.SearchTest -->
