<?xml version="1.0" encoding="UTF-8"?>
<!-- Generated by org.testng.reporters.JUnitReportReporter -->
<testsuite ignored="0" hostname="Animeshs-MacBook-Pro.local" failures="0" tests="1" name="com.tutorialninja.testcases.demo" time="11.243" errors="0" timestamp="02 Mar 2025 01:00:35 GMT" skipped="0">
  <testcase classname="com.tutorialninja.testcases.demo" name="forgetpass" time="11.243"/>
</testsuite> <!-- com.tutorialninja.testcases.demo -->
