<?xml version="1.0" encoding="UTF-8"?>
<!-- Generated by org.testng.reporters.JUnitReportReporter -->
<testsuite ignored="0" hostname="Animeshs-MacBook-Pro.local" failures="0" tests="1" name="com.tutorialninja.testcases.RegistrationTest" time="10.598" errors="0" timestamp="07 Mar 2025 00:31:23 GMT" skipped="0">
  <testcase classname="com.tutorialninja.testcases.RegistrationTest" name="uncheckTheAcceptCheckboxAndSubmit" time="10.598"/>
</testsuite> <!-- com.tutorialninja.testcases.RegistrationTest -->
