<?xml version="1.0" encoding="UTF-8"?>
<!-- Generated by org.testng.reporters.JUnitReportReporter -->
<testsuite ignored="0" hostname="Animeshs-MacBook-Pro.local" failures="0" tests="6" name="com.tutorialninja.testcases.RegistrationTest" time="47.005" errors="0" timestamp="07 Mar 2025 21:14:42 GMT" skipped="0">
  <testcase classname="com.tutorialninja.testcases.RegistrationTest" name="verifyMsgEnteringTwoDifferentPasswords" time="6.759"/>
  <testcase classname="com.tutorialninja.testcases.RegistrationTest" name="uncheckTheAcceptCheckboxAndSubmit" time="8.215"/>
  <testcase classname="com.tutorialninja.testcases.RegistrationTest" name="verifyMsgWhenDuplicateEmailIsAdded" time="9.764"/>
  <testcase classname="com.tutorialninja.testcases.RegistrationTest" name="verifyErrorMsgIfAllFieldsAreBlanks" time="7.088"/>
  <testcase classname="com.tutorialninja.testcases.RegistrationTest" name="verifyRegisteringAUser" time="7.412"/>
  <testcase classname="com.tutorialninja.testcases.RegistrationTest" name="verifyErrorMsgIfFirstNameFieldAreBlanks" time="7.767"/>
</testsuite> <!-- com.tutorialninja.testcases.RegistrationTest -->
