<?xml version="1.0" encoding="UTF-8"?>
<!-- Generated by org.testng.reporters.JUnitReportReporter -->
<testsuite ignored="0" hostname="Animeshs-MacBook-Pro.local" failures="0" tests="5" name="com.tutorialninja.testcases.LoginTest" time="43.133" errors="0" timestamp="01 Mar 2025 20:03:52 GMT" skipped="0">
  <testcase classname="com.tutorialninja.testcases.LoginTest" name="loginWithvalidIDAndInvalidPass" time="12.736"/>
  <testcase classname="com.tutorialninja.testcases.LoginTest" name="loginWithInvalidIDAndValidPass" time="6.854"/>
  <testcase classname="com.tutorialninja.testcases.LoginTest" name="loginWithValidCred" time="9.280"/>
  <testcase classname="com.tutorialninja.testcases.LoginTest" name="loginWithInvalidCred" time="7.607"/>
  <testcase classname="com.tutorialninja.testcases.LoginTest" name="loginWithblankCred" time="6.656"/>
</testsuite> <!-- com.tutorialninja.testcases.LoginTest -->
