<?xml version="1.0" encoding="UTF-8"?>
<!-- Generated by org.testng.reporters.JUnitReportReporter -->
<testsuite hostname="Animeshs-MacBook-Pro.local" failures="0" tests="4" name="com.tutorialninja.testcases.LoginTest" time="66.981" errors="0" timestamp="2025-03-20T17:28:45 PDT" skipped="0">
  <testcase classname="com.tutorialninja.testcases.LoginTest" name="loginWithValidCred" time="9.527"/>
  <system-out/>
  <testcase classname="com.tutorialninja.testcases.LoginTest" name="loginWithValidCred" time="10.175"/>
  <system-out/>
  <testcase classname="com.tutorialninja.testcases.LoginTest" name="loginWithInvalidCred" time="34.437"/>
  <system-out/>
  <testcase classname="com.tutorialninja.testcases.LoginTest" name="loginWithInvalidCred" time="12.842"/>
  <system-out/>
</testsuite> <!-- com.tutorialninja.testcases.LoginTest -->
