<?xml version="1.0" encoding="UTF-8"?>
<!-- Generated by org.testng.reporters.JUnitReportReporter -->
<testsuite hostname="Animeshs-MacBook-Pro.local" failures="0" tests="9" name="com.tutorialninja.testcases.LoginTest" time="49.690" errors="0" timestamp="2025-03-10T13:18:20 PDT" skipped="0">
  <testcase classname="com.tutorialninja.testcases.LoginTest" name="loginWithValidCred" time="6.536"/>
  <system-out/>
  <testcase classname="com.tutorialninja.testcases.LoginTest" name="loginWithInvalidCred" time="6.216"/>
  <system-out/>
  <testcase classname="com.tutorialninja.testcases.LoginTest" name="loginWithvalidIDAndInvalidPass" time="5.426"/>
  <system-out/>
  <testcase classname="com.tutorialninja.testcases.LoginTest" name="loginWithInvalidIDAndValidPass" time="5.981"/>
  <system-out/>
  <testcase classname="com.tutorialninja.testcases.LoginTest" name="loginWithblankCred" time="5.271"/>
  <system-out/>
  <testcase classname="com.tutorialninja.testcases.LoginTest" name="forgotPassword" time="4.813"/>
  <system-out/>
  <testcase classname="com.tutorialninja.testcases.LoginTest" name="keyboardActions" time="5.430"/>
  <system-out/>
  <testcase classname="com.tutorialninja.testcases.LoginTest" name="verifyPlaceholder" time="4.355"/>
  <system-out/>
  <testcase classname="com.tutorialninja.testcases.LoginTest" name="logoutAndBrowsingBack" time="5.662"/>
  <system-out/>
</testsuite> <!-- com.tutorialninja.testcases.LoginTest -->
